Original Multi-Era Builder (Memory-Safe, 1 Worker)
Building Climate Grid Chunks for 1901_1930...
  > Climate Grid: 23% complete...
  > Climate Grid: 61% complete...
Building Climate Grid Chunks for 1931_1960...
  > Climate Grid: 23% complete...
  > Climate Grid: 61% complete...
Building Climate Grid Chunks for 1961_1990...
  > Climate Grid: 23% complete...
  > Climate Grid: 61% complete...
Building Climate Grid Chunks for 1991_2020...
  > Climate Grid: 23% complete...
  > Climate Grid: 61% complete...
Done: 1000/87380
Done: 2000/87380
multiprocessing.pool.RemoteTraceback: 
"""
Traceback (most recent call last):
  File "/usr/lib/python3.14/multiprocessing/pool.py", line 125, in worker
    result = (True, func(*args, **kwds))
                    ~~~~^^^^^^^^^^^^^^^
  File "/usr/lib/python3.14/multiprocessing/pool.py", line 48, in mapstar
    return list(map(*args))
  File "/home/ionc/Documents/climate-visualizer/build_static.py", line 157, in process_tile_task
    img_t[water_mask] = img_t[void_mask] = [0, 0, 0, 0]
  File "/home/ionc/Documents/climate-visualizer/climate_venv/lib/python3.14/site-packages/PIL/Image.py", line 2585, in save
    fp = builtins.open(filename, "w+b")
FileNotFoundError: [Errno 2] No such file or directory: 'docs/1901_1930/tiles_temp/6/6/11/22.png'
"""

The above exception was the direct cause of the following exception:

Traceback (most recent call last):
  File "/home/ionc/Documents/climate-visualizer/build_static.py", line 235, in <module>
    with multiprocessing.Pool(processes=MAX_WORKERS, initializer=init_worker, initargs=(COLORS,)) as pool:
                 ^^^^^^^^^^^^^^^^^^^^^^^^^^^^^^^^^^^^^^^^^^^^^^^^^^^^^^^^^^^^^^^
  File "/usr/lib/python3.14/multiprocessing/pool.py", line 451, in <genexpr>
    return (item for chunk in result for item in chunk)
                              ^^^^^^
  File "/usr/lib/python3.14/multiprocessing/pool.py", line 873, in next
    raise value
FileNotFoundError: [Errno 2] No such file or directory: 'docs/1901_1930/tiles_temp/6/6/11/22.png'
